<?xml version="1.0" encoding="UTF-8"?>
<!-- Generated by org.testng.reporters.JUnitXMLReporter -->
<testsuite hostname="LAPTOP-0HVVEMC9" ignored="0" name="Test2" tests="5" failures="0" timestamp="24 May 2019 22:32:42 GMT" time="103.635" errors="0">
  <testcase name="ValidateClickOnNewDealsTest" time="2.792" classname="com.qa.testcases.DealsPageTest"/>
  <testcase name="ValidateClickOnNewDealsTest" time="2.407" classname="com.qa.testcases.DealsPageTest"/>
  <testcase name="ValidateClickOnNewDealsTest" time="3.107" classname="com.qa.testcases.DealsPageTest"/>
  <testcase name="ValidateClickOnNewDealsTest" time="2.793" classname="com.qa.testcases.DealsPageTest"/>
  <testcase name="ValidateClickOnNewDealsTest" time="3.281" classname="com.qa.testcases.DealsPageTest"/>
</testsuite> <!-- Test2 -->
