<?xml version="1.0" encoding="UTF-8"?>
<!-- Generated by org.testng.reporters.JUnitXMLReporter -->
<testsuite hostname="LAPTOP-0HVVEMC9" ignored="0" name="Test1" tests="3" failures="0" timestamp="24 May 2019 22:30:59 GMT" time="59.107" errors="0">
  <testcase name="VerifyCorrectUserNameTest" time="0.251" classname="com.qa.testcases.HomePageTest"/>
  <testcase name="verifyContactlinkTest" time="1.533" classname="com.qa.testcases.HomePageTest"/>
  <testcase name="verifyHomePageTitleTest" time="0.023" classname="com.qa.testcases.HomePageTest"/>
</testsuite> <!-- Test1 -->
